0 info it worked if it ends with ok
1 verbose cli [ 'node', '/usr/local/bin/npm', 'install', 'keen.js', '--save' ]
2 info using npm@1.4.28
3 info using node@v0.10.33
4 verbose readDependencies using package.json deps
5 verbose cache add [ 'keen.js', null ]
6 verbose cache add name=undefined spec="keen.js" args=["keen.js",null]
7 verbose parsed url { protocol: null,
7 verbose parsed url   slashes: null,
7 verbose parsed url   auth: null,
7 verbose parsed url   host: null,
7 verbose parsed url   port: null,
7 verbose parsed url   hostname: null,
7 verbose parsed url   hash: null,
7 verbose parsed url   search: null,
7 verbose parsed url   query: null,
7 verbose parsed url   pathname: 'keen.js',
7 verbose parsed url   path: 'keen.js',
7 verbose parsed url   href: 'keen.js' }
8 silly lockFile 51870366-keen-js keen.js
9 verbose lock keen.js /Users/cylinder/.npm/51870366-keen-js.lock
10 silly lockFile 51870366-keen-js keen.js
11 silly lockFile 51870366-keen-js keen.js
12 verbose addNamed [ 'keen.js', '' ]
13 verbose addNamed [ null, '*' ]
14 silly lockFile 30d7fd6e-keen-js keen.js@
15 verbose lock keen.js@ /Users/cylinder/.npm/30d7fd6e-keen-js.lock
16 silly addNameRange { name: 'keen.js', range: '*', hasData: false }
17 verbose request where is /keen.js
18 verbose request registry https://registry.npmjs.org/
19 verbose request id ab314a9569c14a41
20 verbose url raw /keen.js
21 verbose url resolving [ 'https://registry.npmjs.org/', './keen.js' ]
22 verbose url resolved https://registry.npmjs.org/keen.js
23 verbose request where is https://registry.npmjs.org/keen.js
24 info trying registry request attempt 1 at 21:12:00
25 http GET https://registry.npmjs.org/keen.js
26 http 404 https://registry.npmjs.org/keen.js
27 verbose headers { date: 'Sat, 28 Feb 2015 05:12:00 GMT',
27 verbose headers   server: 'CouchDB/1.5.0 (Erlang OTP/R16B03)',
27 verbose headers   'content-type': 'application/json',
27 verbose headers   'cache-control': 'max-age=0',
27 verbose headers   'content-length': '52',
27 verbose headers   'accept-ranges': 'bytes',
27 verbose headers   via: '1.1 varnish',
27 verbose headers   age: '0',
27 verbose headers   'x-served-by': 'cache-sjc3124-SJC',
27 verbose headers   'x-cache': 'MISS',
27 verbose headers   'x-cache-hits': '0',
27 verbose headers   'x-timer': 'S1425100320.521382,VS0,VE147',
27 verbose headers   'keep-alive': 'timeout=10, max=50',
27 verbose headers   connection: 'Keep-Alive' }
28 silly registry.get cb [ 404,
28 silly registry.get   { date: 'Sat, 28 Feb 2015 05:12:00 GMT',
28 silly registry.get     server: 'CouchDB/1.5.0 (Erlang OTP/R16B03)',
28 silly registry.get     'content-type': 'application/json',
28 silly registry.get     'cache-control': 'max-age=0',
28 silly registry.get     'content-length': '52',
28 silly registry.get     'accept-ranges': 'bytes',
28 silly registry.get     via: '1.1 varnish',
28 silly registry.get     age: '0',
28 silly registry.get     'x-served-by': 'cache-sjc3124-SJC',
28 silly registry.get     'x-cache': 'MISS',
28 silly registry.get     'x-cache-hits': '0',
28 silly registry.get     'x-timer': 'S1425100320.521382,VS0,VE147',
28 silly registry.get     'keep-alive': 'timeout=10, max=50',
28 silly registry.get     connection: 'Keep-Alive' } ]
29 silly lockFile 30d7fd6e-keen-js keen.js@
30 silly lockFile 30d7fd6e-keen-js keen.js@
31 error 404 404 Not Found: keen.js
31 error 404
31 error 404 'keen.js' is not in the npm registry.
31 error 404 You should bug the author to publish it
31 error 404 It was specified as a dependency of 'climate-tessel-keen'
31 error 404
31 error 404 Maybe try 'npm search keen'
31 error 404
31 error 404 Note that you can also install from a
31 error 404 tarball, folder, or http url, or git url.
32 error System Darwin 14.1.0
33 error command "node" "/usr/local/bin/npm" "install" "keen.js" "--save"
34 error cwd /Users/cylinder/Dropbox/tessel/climate-keen
35 error node -v v0.10.33
36 error npm -v 1.4.28
37 error code E404
38 verbose exit [ 1, true ]
